2020-01-16 18:07:54 SEVERE: Failed to connect to MySQL: (1698) Access denied for user 'root'@'localhost'
2020-01-16 18:07:54 SEVERE: Getting result set failed: () 
2020-01-16 18:07:54 SEVERE: Exception occured while getting OAuthTokens from DB(file::ZohoOAuthPersistenceHandler)(No Tokens exist for the given user-identifier,Please generate and try again.)
zcrmsdk\oauth\exception\ZohoOAuthException Caused by:'No Tokens exist for the given user-identifier,Please generate and try again.' in /var/www/zoho-crm-php-sdk/vendor/zohocrm/php-sdk/src/oauth/persistence/ZohoOAuthPersistenceHandler.php(45)
#0 /var/www/zoho-crm-php-sdk/vendor/zohocrm/php-sdk/src/oauth/ZohoOAuthClient.php(38): zcrmsdk\oauth\persistence\ZohoOAuthPersistenceHandler->getOAuthTokens('support@wellnes...')
#1 /var/www/zoho-crm-php-sdk/vendor/zohocrm/php-sdk/src/crm/utility/ZCRMConfigUtil.php(104): zcrmsdk\oauth\ZohoOAuthClient->getAccessToken('support@wellnes...')
#2 /var/www/zoho-crm-php-sdk/vendor/zohocrm/php-sdk/src/crm/api/APIRequest.php(88): zcrmsdk\crm\utility\ZCRMConfigUtil::getAccessToken()
#3 /var/www/zoho-crm-php-sdk/vendor/zohocrm/php-sdk/src/crm/api/APIRequest.php(138): zcrmsdk\crm\api\APIRequest->authenticateRequest()
#4 /var/www/zoho-crm-php-sdk/vendor/zohocrm/php-sdk/src/crm/api/handler/MetaDataAPIHandler.php(34): zcrmsdk\crm\api\APIRequest->getBulkAPIResponse()
#5 /var/www/zoho-crm-php-sdk/vendor/zohocrm/php-sdk/src/crm/setup/restclient/ZCRMRestClient.php(51): zcrmsdk\crm\api\handler\MetaDataAPIHandler->getAllModules()
#6 /var/www/zoho-crm-php-sdk/api/Auth.php(27): zcrmsdk\crm\setup\restclient\ZCRMRestClient::getAllModules()
#7 /var/www/zoho-crm-php-sdk/api/Auth.php(34): api\auth\Auth->doo()
#8 {main}
2020-01-16 18:07:54 INFO: Access Token has expired. Hence refreshing.
2020-01-16 18:08:50 SEVERE: Failed to connect to MySQL: (1698) Access denied for user 'root'@'localhost'
2020-01-16 18:08:50 SEVERE: Getting result set failed: () 
2020-01-16 18:08:50 SEVERE: Exception occured while getting OAuthTokens from DB(file::ZohoOAuthPersistenceHandler)(No Tokens exist for the given user-identifier,Please generate and try again.)
zcrmsdk\oauth\exception\ZohoOAuthException Caused by:'No Tokens exist for the given user-identifier,Please generate and try again.' in /var/www/zoho-crm-php-sdk/vendor/zohocrm/php-sdk/src/oauth/persistence/ZohoOAuthPersistenceHandler.php(45)
#0 /var/www/zoho-crm-php-sdk/vendor/zohocrm/php-sdk/src/oauth/ZohoOAuthClient.php(38): zcrmsdk\oauth\persistence\ZohoOAuthPersistenceHandler->getOAuthTokens('support@wellnes...')
#1 /var/www/zoho-crm-php-sdk/vendor/zohocrm/php-sdk/src/crm/utility/ZCRMConfigUtil.php(104): zcrmsdk\oauth\ZohoOAuthClient->getAccessToken('support@wellnes...')
#2 /var/www/zoho-crm-php-sdk/vendor/zohocrm/php-sdk/src/crm/api/APIRequest.php(88): zcrmsdk\crm\utility\ZCRMConfigUtil::getAccessToken()
#3 /var/www/zoho-crm-php-sdk/vendor/zohocrm/php-sdk/src/crm/api/APIRequest.php(138): zcrmsdk\crm\api\APIRequest->authenticateRequest()
#4 /var/www/zoho-crm-php-sdk/vendor/zohocrm/php-sdk/src/crm/api/handler/MetaDataAPIHandler.php(34): zcrmsdk\crm\api\APIRequest->getBulkAPIResponse()
#5 /var/www/zoho-crm-php-sdk/vendor/zohocrm/php-sdk/src/crm/setup/restclient/ZCRMRestClient.php(51): zcrmsdk\crm\api\handler\MetaDataAPIHandler->getAllModules()
#6 /var/www/zoho-crm-php-sdk/api/Auth.php(26): zcrmsdk\crm\setup\restclient\ZCRMRestClient->getAllModules()
#7 /var/www/zoho-crm-php-sdk/api/Auth.php(65): api\auth\Auth->doo()
#8 {main}
2020-01-16 18:08:50 INFO: Access Token has expired. Hence refreshing.
2020-01-16 18:13:30 SEVERE: Exception while retrieving tokens from persistence - zcrmsdk\oauth\exception\ZohoOAuthException Caused by:'No Tokens exist for the given user-identifier,Please generate and try again.' in /var/www/zoho-crm-php-sdk/vendor/zohocrm/php-sdk/src/oauth/persistence/ZohoOAuthPersistenceByFile.php(44)
#0 /var/www/zoho-crm-php-sdk/vendor/zohocrm/php-sdk/src/oauth/ZohoOAuthClient.php(38): zcrmsdk\oauth\persistence\ZohoOAuthPersistenceByFile->getOAuthTokens('support@wellnes...')
#1 /var/www/zoho-crm-php-sdk/vendor/zohocrm/php-sdk/src/crm/utility/ZCRMConfigUtil.php(104): zcrmsdk\oauth\ZohoOAuthClient->getAccessToken('support@wellnes...')
#2 /var/www/zoho-crm-php-sdk/vendor/zohocrm/php-sdk/src/crm/api/APIRequest.php(88): zcrmsdk\crm\utility\ZCRMConfigUtil::getAccessToken()
#3 /var/www/zoho-crm-php-sdk/vendor/zohocrm/php-sdk/src/crm/api/APIRequest.php(138): zcrmsdk\crm\api\APIRequest->authenticateRequest()
#4 /var/www/zoho-crm-php-sdk/vendor/zohocrm/php-sdk/src/crm/api/handler/MetaDataAPIHandler.php(34): zcrmsdk\crm\api\APIRequest->getBulkAPIResponse()
#5 /var/www/zoho-crm-php-sdk/vendor/zohocrm/php-sdk/src/crm/setup/restclient/ZCRMRestClient.php(51): zcrmsdk\crm\api\handler\MetaDataAPIHandler->getAllModules()
#6 /var/www/zoho-crm-php-sdk/api/Auth.php(27): zcrmsdk\crm\setup\restclient\ZCRMRestClient->getAllModules()
#7 /var/www/zoho-crm-php-sdk/api/Auth.php(66): api\auth\Auth->doo()
#8 {main}
2020-01-16 18:14:09 SEVERE: Exception while retrieving tokens from persistence - zcrmsdk\oauth\exception\ZohoOAuthException Caused by:'No Tokens exist for the given user-identifier,Please generate and try again.' in /var/www/zoho-crm-php-sdk/vendor/zohocrm/php-sdk/src/oauth/persistence/ZohoOAuthPersistenceByFile.php(44)
#0 /var/www/zoho-crm-php-sdk/vendor/zohocrm/php-sdk/src/oauth/ZohoOAuthClient.php(38): zcrmsdk\oauth\persistence\ZohoOAuthPersistenceByFile->getOAuthTokens('support@wellnes...')
#1 /var/www/zoho-crm-php-sdk/vendor/zohocrm/php-sdk/src/crm/utility/ZCRMConfigUtil.php(104): zcrmsdk\oauth\ZohoOAuthClient->getAccessToken('support@wellnes...')
#2 /var/www/zoho-crm-php-sdk/vendor/zohocrm/php-sdk/src/crm/api/APIRequest.php(88): zcrmsdk\crm\utility\ZCRMConfigUtil::getAccessToken()
#3 /var/www/zoho-crm-php-sdk/vendor/zohocrm/php-sdk/src/crm/api/APIRequest.php(138): zcrmsdk\crm\api\APIRequest->authenticateRequest()
#4 /var/www/zoho-crm-php-sdk/vendor/zohocrm/php-sdk/src/crm/api/handler/MetaDataAPIHandler.php(34): zcrmsdk\crm\api\APIRequest->getBulkAPIResponse()
#5 /var/www/zoho-crm-php-sdk/vendor/zohocrm/php-sdk/src/crm/setup/restclient/ZCRMRestClient.php(51): zcrmsdk\crm\api\handler\MetaDataAPIHandler->getAllModules()
#6 /var/www/zoho-crm-php-sdk/api/Auth.php(27): zcrmsdk\crm\setup\restclient\ZCRMRestClient->getAllModules()
#7 /var/www/zoho-crm-php-sdk/api/Auth.php(66): api\auth\Auth->doo()
#8 {main}
2020-01-16 18:14:21 SEVERE: Exception while retrieving tokens from persistence - zcrmsdk\oauth\exception\ZohoOAuthException Caused by:'No Tokens exist for the given user-identifier,Please generate and try again.' in /var/www/zoho-crm-php-sdk/vendor/zohocrm/php-sdk/src/oauth/persistence/ZohoOAuthPersistenceByFile.php(44)
#0 /var/www/zoho-crm-php-sdk/vendor/zohocrm/php-sdk/src/oauth/ZohoOAuthClient.php(38): zcrmsdk\oauth\persistence\ZohoOAuthPersistenceByFile->getOAuthTokens('support@wellnes...')
#1 /var/www/zoho-crm-php-sdk/vendor/zohocrm/php-sdk/src/crm/utility/ZCRMConfigUtil.php(104): zcrmsdk\oauth\ZohoOAuthClient->getAccessToken('support@wellnes...')
#2 /var/www/zoho-crm-php-sdk/vendor/zohocrm/php-sdk/src/crm/api/APIRequest.php(88): zcrmsdk\crm\utility\ZCRMConfigUtil::getAccessToken()
#3 /var/www/zoho-crm-php-sdk/vendor/zohocrm/php-sdk/src/crm/api/APIRequest.php(138): zcrmsdk\crm\api\APIRequest->authenticateRequest()
#4 /var/www/zoho-crm-php-sdk/vendor/zohocrm/php-sdk/src/crm/api/handler/MetaDataAPIHandler.php(34): zcrmsdk\crm\api\APIRequest->getBulkAPIResponse()
#5 /var/www/zoho-crm-php-sdk/vendor/zohocrm/php-sdk/src/crm/setup/restclient/ZCRMRestClient.php(51): zcrmsdk\crm\api\handler\MetaDataAPIHandler->getAllModules()
#6 /var/www/zoho-crm-php-sdk/api/Auth.php(27): zcrmsdk\crm\setup\restclient\ZCRMRestClient->getAllModules()
#7 /var/www/zoho-crm-php-sdk/api/Auth.php(66): api\auth\Auth->doo()
#8 {main}
2020-01-16 18:17:58 SEVERE: Exception while retrieving tokens from persistence - zcrmsdk\oauth\exception\ZohoOAuthException Caused by:'No Tokens exist for the given user-identifier,Please generate and try again.' in /var/www/zoho-crm-php-sdk/vendor/zohocrm/php-sdk/src/oauth/persistence/ZohoOAuthPersistenceByFile.php(44)
#0 /var/www/zoho-crm-php-sdk/vendor/zohocrm/php-sdk/src/oauth/ZohoOAuthClient.php(38): zcrmsdk\oauth\persistence\ZohoOAuthPersistenceByFile->getOAuthTokens('support@wellnes...')
#1 /var/www/zoho-crm-php-sdk/vendor/zohocrm/php-sdk/src/crm/utility/ZCRMConfigUtil.php(104): zcrmsdk\oauth\ZohoOAuthClient->getAccessToken('support@wellnes...')
#2 /var/www/zoho-crm-php-sdk/vendor/zohocrm/php-sdk/src/crm/api/APIRequest.php(88): zcrmsdk\crm\utility\ZCRMConfigUtil::getAccessToken()
#3 /var/www/zoho-crm-php-sdk/vendor/zohocrm/php-sdk/src/crm/api/APIRequest.php(138): zcrmsdk\crm\api\APIRequest->authenticateRequest()
#4 /var/www/zoho-crm-php-sdk/vendor/zohocrm/php-sdk/src/crm/api/handler/MetaDataAPIHandler.php(34): zcrmsdk\crm\api\APIRequest->getBulkAPIResponse()
#5 /var/www/zoho-crm-php-sdk/vendor/zohocrm/php-sdk/src/crm/setup/restclient/ZCRMRestClient.php(51): zcrmsdk\crm\api\handler\MetaDataAPIHandler->getAllModules()
#6 /var/www/zoho-crm-php-sdk/api/Auth.php(27): zcrmsdk\crm\setup\restclient\ZCRMRestClient->getAllModules()
#7 /var/www/zoho-crm-php-sdk/api/Auth.php(66): api\auth\Auth->doo()
#8 {main}
2020-01-16 18:18:01 SEVERE: Exception while retrieving tokens from persistence - zcrmsdk\oauth\exception\ZohoOAuthException Caused by:'No Tokens exist for the given user-identifier,Please generate and try again.' in /var/www/zoho-crm-php-sdk/vendor/zohocrm/php-sdk/src/oauth/persistence/ZohoOAuthPersistenceByFile.php(44)
#0 /var/www/zoho-crm-php-sdk/vendor/zohocrm/php-sdk/src/oauth/ZohoOAuthClient.php(38): zcrmsdk\oauth\persistence\ZohoOAuthPersistenceByFile->getOAuthTokens('support@wellnes...')
#1 /var/www/zoho-crm-php-sdk/vendor/zohocrm/php-sdk/src/crm/utility/ZCRMConfigUtil.php(104): zcrmsdk\oauth\ZohoOAuthClient->getAccessToken('support@wellnes...')
#2 /var/www/zoho-crm-php-sdk/vendor/zohocrm/php-sdk/src/crm/api/APIRequest.php(88): zcrmsdk\crm\utility\ZCRMConfigUtil::getAccessToken()
#3 /var/www/zoho-crm-php-sdk/vendor/zohocrm/php-sdk/src/crm/api/APIRequest.php(138): zcrmsdk\crm\api\APIRequest->authenticateRequest()
#4 /var/www/zoho-crm-php-sdk/vendor/zohocrm/php-sdk/src/crm/api/handler/MetaDataAPIHandler.php(34): zcrmsdk\crm\api\APIRequest->getBulkAPIResponse()
#5 /var/www/zoho-crm-php-sdk/vendor/zohocrm/php-sdk/src/crm/setup/restclient/ZCRMRestClient.php(51): zcrmsdk\crm\api\handler\MetaDataAPIHandler->getAllModules()
#6 /var/www/zoho-crm-php-sdk/api/Auth.php(27): zcrmsdk\crm\setup\restclient\ZCRMRestClient->getAllModules()
#7 /var/www/zoho-crm-php-sdk/api/Auth.php(66): api\auth\Auth->doo()
#8 {main}
2020-01-16 18:29:02 SEVERE: Exception while retrieving tokens from persistence - zcrmsdk\oauth\exception\ZohoOAuthException Caused by:'No Tokens exist for the given user-identifier,Please generate and try again.' in /var/www/zoho-crm-php-sdk/vendor/zohocrm/php-sdk/src/oauth/persistence/ZohoOAuthPersistenceByFile.php(44)
#0 /var/www/zoho-crm-php-sdk/vendor/zohocrm/php-sdk/src/oauth/ZohoOAuthClient.php(38): zcrmsdk\oauth\persistence\ZohoOAuthPersistenceByFile->getOAuthTokens('support@wellnes...')
#1 /var/www/zoho-crm-php-sdk/vendor/zohocrm/php-sdk/src/crm/utility/ZCRMConfigUtil.php(104): zcrmsdk\oauth\ZohoOAuthClient->getAccessToken('support@wellnes...')
#2 /var/www/zoho-crm-php-sdk/vendor/zohocrm/php-sdk/src/crm/api/APIRequest.php(88): zcrmsdk\crm\utility\ZCRMConfigUtil::getAccessToken()
#3 /var/www/zoho-crm-php-sdk/vendor/zohocrm/php-sdk/src/crm/api/APIRequest.php(138): zcrmsdk\crm\api\APIRequest->authenticateRequest()
#4 /var/www/zoho-crm-php-sdk/vendor/zohocrm/php-sdk/src/crm/api/handler/OrganizationAPIHandler.php(657): zcrmsdk\crm\api\APIRequest->getBulkAPIResponse()
#5 /var/www/zoho-crm-php-sdk/vendor/zohocrm/php-sdk/src/crm/api/handler/OrganizationAPIHandler.php(746): zcrmsdk\crm\api\handler\OrganizationAPIHandler->getUsers(Array, Array, 'CurrentUser')
#6 /var/www/zoho-crm-php-sdk/vendor/zohocrm/php-sdk/src/crm/setup/restclient/ZCRMRestClient.php(114): zcrmsdk\crm\api\handler\OrganizationAPIHandler->getCurrentUser()
#7 /var/www/zoho-crm-php-sdk/api/Auth.php(27): zcrmsdk\crm\setup\restclient\ZCRMRestClient->getCurrentUser()
#8 /var/www/zoho-crm-php-sdk/api/Auth.php(68): api\auth\Auth->doo()
#9 {main}
2020-01-16 18:31:15 SEVERE: Exception while retrieving tokens from persistence - zcrmsdk\oauth\exception\ZohoOAuthException Caused by:'No Tokens exist for the given user-identifier,Please generate and try again.' in /var/www/zoho-crm-php-sdk/vendor/zohocrm/php-sdk/src/oauth/persistence/ZohoOAuthPersistenceByFile.php(44)
#0 /var/www/zoho-crm-php-sdk/vendor/zohocrm/php-sdk/src/oauth/ZohoOAuthClient.php(38): zcrmsdk\oauth\persistence\ZohoOAuthPersistenceByFile->getOAuthTokens('support@wellnes...')
#1 /var/www/zoho-crm-php-sdk/vendor/zohocrm/php-sdk/src/crm/utility/ZCRMConfigUtil.php(104): zcrmsdk\oauth\ZohoOAuthClient->getAccessToken('support@wellnes...')
#2 /var/www/zoho-crm-php-sdk/vendor/zohocrm/php-sdk/src/crm/api/APIRequest.php(88): zcrmsdk\crm\utility\ZCRMConfigUtil::getAccessToken()
#3 /var/www/zoho-crm-php-sdk/vendor/zohocrm/php-sdk/src/crm/api/APIRequest.php(138): zcrmsdk\crm\api\APIRequest->authenticateRequest()
#4 /var/www/zoho-crm-php-sdk/vendor/zohocrm/php-sdk/src/crm/api/handler/MetaDataAPIHandler.php(34): zcrmsdk\crm\api\APIRequest->getBulkAPIResponse()
#5 /var/www/zoho-crm-php-sdk/vendor/zohocrm/php-sdk/src/crm/setup/restclient/ZCRMRestClient.php(51): zcrmsdk\crm\api\handler\MetaDataAPIHandler->getAllModules()
#6 /var/www/zoho-crm-php-sdk/api/Auth.php(27): zcrmsdk\crm\setup\restclient\ZCRMRestClient->getAllModules()
#7 /var/www/zoho-crm-php-sdk/api/Auth.php(69): api\auth\Auth->doo()
#8 {main}
2020-01-16 18:42:17 SEVERE: Exception while retrieving tokens from persistence - zcrmsdk\oauth\exception\ZohoOAuthException Caused by:'No Tokens exist for the given user-identifier,Please generate and try again.' in /var/www/zoho-crm-php-sdk/vendor/zohocrm/php-sdk/src/oauth/persistence/ZohoOAuthPersistenceByFile.php(44)
#0 /var/www/zoho-crm-php-sdk/vendor/zohocrm/php-sdk/src/oauth/ZohoOAuthClient.php(38): zcrmsdk\oauth\persistence\ZohoOAuthPersistenceByFile->getOAuthTokens('support@wellnes...')
#1 /var/www/zoho-crm-php-sdk/vendor/zohocrm/php-sdk/src/crm/utility/ZCRMConfigUtil.php(104): zcrmsdk\oauth\ZohoOAuthClient->getAccessToken('support@wellnes...')
#2 /var/www/zoho-crm-php-sdk/vendor/zohocrm/php-sdk/src/crm/api/APIRequest.php(88): zcrmsdk\crm\utility\ZCRMConfigUtil::getAccessToken()
#3 /var/www/zoho-crm-php-sdk/vendor/zohocrm/php-sdk/src/crm/api/APIRequest.php(113): zcrmsdk\crm\api\APIRequest->authenticateRequest()
#4 /var/www/zoho-crm-php-sdk/vendor/zohocrm/php-sdk/src/crm/api/handler/OrganizationAPIHandler.php(121): zcrmsdk\crm\api\APIRequest->getAPIResponse()
#5 /var/www/zoho-crm-php-sdk/vendor/zohocrm/php-sdk/src/crm/setup/restclient/ZCRMRestClient.php(134): zcrmsdk\crm\api\handler\OrganizationAPIHandler->getOrganizationDetails()
#6 /var/www/zoho-crm-php-sdk/api/Auth.php(27): zcrmsdk\crm\setup\restclient\ZCRMRestClient::getOrganizationDetails()
#7 /var/www/zoho-crm-php-sdk/api/Auth.php(61): api\auth\Auth->doo()
#8 {main}
2020-01-16 18:42:36 SEVERE: Exception while retrieving tokens from persistence - zcrmsdk\oauth\exception\ZohoOAuthException Caused by:'No Tokens exist for the given user-identifier,Please generate and try again.' in /var/www/zoho-crm-php-sdk/vendor/zohocrm/php-sdk/src/oauth/persistence/ZohoOAuthPersistenceByFile.php(44)
#0 /var/www/zoho-crm-php-sdk/vendor/zohocrm/php-sdk/src/oauth/ZohoOAuthClient.php(38): zcrmsdk\oauth\persistence\ZohoOAuthPersistenceByFile->getOAuthTokens('support@wellnes...')
#1 /var/www/zoho-crm-php-sdk/vendor/zohocrm/php-sdk/src/crm/utility/ZCRMConfigUtil.php(104): zcrmsdk\oauth\ZohoOAuthClient->getAccessToken('support@wellnes...')
#2 /var/www/zoho-crm-php-sdk/vendor/zohocrm/php-sdk/src/crm/api/APIRequest.php(88): zcrmsdk\crm\utility\ZCRMConfigUtil::getAccessToken()
#3 /var/www/zoho-crm-php-sdk/vendor/zohocrm/php-sdk/src/crm/api/APIRequest.php(113): zcrmsdk\crm\api\APIRequest->authenticateRequest()
#4 /var/www/zoho-crm-php-sdk/vendor/zohocrm/php-sdk/src/crm/api/handler/OrganizationAPIHandler.php(121): zcrmsdk\crm\api\APIRequest->getAPIResponse()
#5 /var/www/zoho-crm-php-sdk/vendor/zohocrm/php-sdk/src/crm/setup/restclient/ZCRMRestClient.php(134): zcrmsdk\crm\api\handler\OrganizationAPIHandler->getOrganizationDetails()
#6 /var/www/zoho-crm-php-sdk/api/Auth.php(27): zcrmsdk\crm\setup\restclient\ZCRMRestClient::getOrganizationDetails()
#7 /var/www/zoho-crm-php-sdk/api/Auth.php(61): api\auth\Auth->doo()
#8 {main}
2020-01-17 01:56:05 SEVERE: Exception while retrieving tokens from persistence - zcrmsdk\oauth\exception\ZohoOAuthException Caused by:'No Tokens exist for the given user-identifier,Please generate and try again.' in D:\OpenServer\OSPanel\domains\zcrm-php-sdk\vendor\zohocrm\php-sdk\src\oauth\persistence\ZohoOAuthPersistenceByFile.php(44)
#0 D:\OpenServer\OSPanel\domains\zcrm-php-sdk\vendor\zohocrm\php-sdk\src\oauth\ZohoOAuthClient.php(38): zcrmsdk\oauth\persistence\ZohoOAuthPersistenceByFile->getOAuthTokens('support@wellnes...')
#1 D:\OpenServer\OSPanel\domains\zcrm-php-sdk\vendor\zohocrm\php-sdk\src\crm\utility\ZCRMConfigUtil.php(104): zcrmsdk\oauth\ZohoOAuthClient->getAccessToken('support@wellnes...')
#2 D:\OpenServer\OSPanel\domains\zcrm-php-sdk\vendor\zohocrm\php-sdk\src\crm\api\APIRequest.php(88): zcrmsdk\crm\utility\ZCRMConfigUtil::getAccessToken()
#3 D:\OpenServer\OSPanel\domains\zcrm-php-sdk\vendor\zohocrm\php-sdk\src\crm\api\APIRequest.php(138): zcrmsdk\crm\api\APIRequest->authenticateRequest()
#4 D:\OpenServer\OSPanel\domains\zcrm-php-sdk\vendor\zohocrm\php-sdk\src\crm\api\handler\MetaDataAPIHandler.php(34): zcrmsdk\crm\api\APIRequest->getBulkAPIResponse()
#5 D:\OpenServer\OSPanel\domains\zcrm-php-sdk\vendor\zohocrm\php-sdk\src\crm\setup\restclient\ZCRMRestClient.php(51): zcrmsdk\crm\api\handler\MetaDataAPIHandler->getAllModules()
#6 D:\OpenServer\OSPanel\domains\zcrm-php-sdk\api\Auth.php(46): zcrmsdk\crm\setup\restclient\ZCRMRestClient->getAllModules()
#7 D:\OpenServer\OSPanel\domains\zcrm-php-sdk\api\Auth.php(82): api\auth\Auth->doo()
#8 {main}
2020-01-17 02:00:47 SEVERE: Exception while retrieving tokens from persistence - zcrmsdk\oauth\exception\ZohoOAuthException Caused by:'No Tokens exist for the given user-identifier,Please generate and try again.' in D:\OpenServer\OSPanel\domains\zcrm-php-sdk\vendor\zohocrm\php-sdk\src\oauth\persistence\ZohoOAuthPersistenceByFile.php(44)
#0 D:\OpenServer\OSPanel\domains\zcrm-php-sdk\vendor\zohocrm\php-sdk\src\oauth\ZohoOAuthClient.php(38): zcrmsdk\oauth\persistence\ZohoOAuthPersistenceByFile->getOAuthTokens('support@wellnes...')
#1 D:\OpenServer\OSPanel\domains\zcrm-php-sdk\vendor\zohocrm\php-sdk\src\crm\utility\ZCRMConfigUtil.php(104): zcrmsdk\oauth\ZohoOAuthClient->getAccessToken('support@wellnes...')
#2 D:\OpenServer\OSPanel\domains\zcrm-php-sdk\vendor\zohocrm\php-sdk\src\crm\api\APIRequest.php(88): zcrmsdk\crm\utility\ZCRMConfigUtil::getAccessToken()
#3 D:\OpenServer\OSPanel\domains\zcrm-php-sdk\vendor\zohocrm\php-sdk\src\crm\api\APIRequest.php(138): zcrmsdk\crm\api\APIRequest->authenticateRequest()
#4 D:\OpenServer\OSPanel\domains\zcrm-php-sdk\vendor\zohocrm\php-sdk\src\crm\api\handler\MetaDataAPIHandler.php(34): zcrmsdk\crm\api\APIRequest->getBulkAPIResponse()
#5 D:\OpenServer\OSPanel\domains\zcrm-php-sdk\vendor\zohocrm\php-sdk\src\crm\setup\restclient\ZCRMRestClient.php(51): zcrmsdk\crm\api\handler\MetaDataAPIHandler->getAllModules()
#6 D:\OpenServer\OSPanel\domains\zcrm-php-sdk\api\Auth.php(46): zcrmsdk\crm\setup\restclient\ZCRMRestClient->getAllModules()
#7 D:\OpenServer\OSPanel\domains\zcrm-php-sdk\api\Auth.php(82): api\auth\Auth->doo()
#8 {main}
2020-01-17 02:08:53 SEVERE: Exception while retrieving tokens from persistence - zcrmsdk\oauth\exception\ZohoOAuthException Caused by:'No Tokens exist for the given user-identifier,Please generate and try again.' in D:\OpenServer\OSPanel\domains\zcrm-php-sdk\vendor\zohocrm\php-sdk\src\oauth\persistence\ZohoOAuthPersistenceByFile.php(44)
#0 D:\OpenServer\OSPanel\domains\zcrm-php-sdk\vendor\zohocrm\php-sdk\src\oauth\ZohoOAuthClient.php(38): zcrmsdk\oauth\persistence\ZohoOAuthPersistenceByFile->getOAuthTokens('support@wellnes...')
#1 D:\OpenServer\OSPanel\domains\zcrm-php-sdk\api\Auth.php(24): zcrmsdk\oauth\ZohoOAuthClient->getAccessToken('support@wellnes...')
#2 D:\OpenServer\OSPanel\domains\zcrm-php-sdk\api\Auth.php(88): api\auth\Auth->__construct()
#3 {main}
2020-01-17 02:12:57 SEVERE: Exception while retrieving tokens from persistence - zcrmsdk\oauth\exception\ZohoOAuthException Caused by:'No Tokens exist for the given user-identifier,Please generate and try again.' in D:\OpenServer\OSPanel\domains\zcrm-php-sdk\vendor\zohocrm\php-sdk\src\oauth\persistence\ZohoOAuthPersistenceByFile.php(44)
#0 D:\OpenServer\OSPanel\domains\zcrm-php-sdk\vendor\zohocrm\php-sdk\src\oauth\ZohoOAuthClient.php(38): zcrmsdk\oauth\persistence\ZohoOAuthPersistenceByFile->getOAuthTokens('support@wellnes...')
#1 D:\OpenServer\OSPanel\domains\zcrm-php-sdk\vendor\zohocrm\php-sdk\src\crm\utility\ZCRMConfigUtil.php(104): zcrmsdk\oauth\ZohoOAuthClient->getAccessToken('support@wellnes...')
#2 D:\OpenServer\OSPanel\domains\zcrm-php-sdk\vendor\zohocrm\php-sdk\src\crm\api\APIRequest.php(88): zcrmsdk\crm\utility\ZCRMConfigUtil::getAccessToken()
#3 D:\OpenServer\OSPanel\domains\zcrm-php-sdk\vendor\zohocrm\php-sdk\src\crm\api\APIRequest.php(138): zcrmsdk\crm\api\APIRequest->authenticateRequest()
#4 D:\OpenServer\OSPanel\domains\zcrm-php-sdk\vendor\zohocrm\php-sdk\src\crm\api\handler\MetaDataAPIHandler.php(34): zcrmsdk\crm\api\APIRequest->getBulkAPIResponse()
#5 D:\OpenServer\OSPanel\domains\zcrm-php-sdk\vendor\zohocrm\php-sdk\src\crm\setup\restclient\ZCRMRestClient.php(51): zcrmsdk\crm\api\handler\MetaDataAPIHandler->getAllModules()
#6 D:\OpenServer\OSPanel\domains\zcrm-php-sdk\api\Auth.php(46): zcrmsdk\crm\setup\restclient\ZCRMRestClient->getAllModules()
#7 D:\OpenServer\OSPanel\domains\zcrm-php-sdk\api\Auth.php(82): api\auth\Auth->doo()
#8 {main}
2020-01-17 02:13:03 SEVERE: Exception while retrieving tokens from persistence - zcrmsdk\oauth\exception\ZohoOAuthException Caused by:'No Tokens exist for the given user-identifier,Please generate and try again.' in D:\OpenServer\OSPanel\domains\zcrm-php-sdk\vendor\zohocrm\php-sdk\src\oauth\persistence\ZohoOAuthPersistenceByFile.php(44)
#0 D:\OpenServer\OSPanel\domains\zcrm-php-sdk\vendor\zohocrm\php-sdk\src\oauth\ZohoOAuthClient.php(38): zcrmsdk\oauth\persistence\ZohoOAuthPersistenceByFile->getOAuthTokens('support@wellnes...')
#1 D:\OpenServer\OSPanel\domains\zcrm-php-sdk\vendor\zohocrm\php-sdk\src\crm\utility\ZCRMConfigUtil.php(104): zcrmsdk\oauth\ZohoOAuthClient->getAccessToken('support@wellnes...')
#2 D:\OpenServer\OSPanel\domains\zcrm-php-sdk\vendor\zohocrm\php-sdk\src\crm\api\APIRequest.php(88): zcrmsdk\crm\utility\ZCRMConfigUtil::getAccessToken()
#3 D:\OpenServer\OSPanel\domains\zcrm-php-sdk\vendor\zohocrm\php-sdk\src\crm\api\APIRequest.php(138): zcrmsdk\crm\api\APIRequest->authenticateRequest()
#4 D:\OpenServer\OSPanel\domains\zcrm-php-sdk\vendor\zohocrm\php-sdk\src\crm\api\handler\MetaDataAPIHandler.php(34): zcrmsdk\crm\api\APIRequest->getBulkAPIResponse()
#5 D:\OpenServer\OSPanel\domains\zcrm-php-sdk\vendor\zohocrm\php-sdk\src\crm\setup\restclient\ZCRMRestClient.php(51): zcrmsdk\crm\api\handler\MetaDataAPIHandler->getAllModules()
#6 D:\OpenServer\OSPanel\domains\zcrm-php-sdk\api\Auth.php(46): zcrmsdk\crm\setup\restclient\ZCRMRestClient->getAllModules()
#7 D:\OpenServer\OSPanel\domains\zcrm-php-sdk\api\Auth.php(82): api\auth\Auth->doo()
#8 {main}
2020-01-17 02:14:58 ERROR: zcrmsdk\crm\exception\ZCRMException Caused by:'invalid oauth scope to access this URL' in D:\OpenServer\OSPanel\domains\zcrm-php-sdk\vendor\zohocrm\php-sdk\src\crm\api\response\APIResponse.php(93)
Trace::#0 D:\OpenServer\OSPanel\domains\zcrm-php-sdk\vendor\zohocrm\php-sdk\src\crm\api\response\CommonAPIResponse.php(76): zcrmsdk\crm\api\response\APIResponse->handleForFaultyResponses()
#1 D:\OpenServer\OSPanel\domains\zcrm-php-sdk\vendor\zohocrm\php-sdk\src\crm\api\response\CommonAPIResponse.php(67): zcrmsdk\crm\api\response\CommonAPIResponse->processResponse()
#2 D:\OpenServer\OSPanel\domains\zcrm-php-sdk\vendor\zohocrm\php-sdk\src\crm\api\response\APIResponse.php(34): zcrmsdk\crm\api\response\CommonAPIResponse->__construct('HTTP/1.1 401 \r\n...', 401, NULL)
#3 D:\OpenServer\OSPanel\domains\zcrm-php-sdk\vendor\zohocrm\php-sdk\src\crm\api\APIRequest.php(122): zcrmsdk\crm\api\response\APIResponse->__construct('HTTP/1.1 401 \r\n...', 401)
#4 D:\OpenServer\OSPanel\domains\zcrm-php-sdk\vendor\zohocrm\php-sdk\src\crm\api\handler\OrganizationAPIHandler.php(121): zcrmsdk\crm\api\APIRequest->getAPIResponse()
#5 D:\OpenServer\OSPanel\domains\zcrm-php-sdk\vendor\zohocrm\php-sdk\src\crm\setup\restclient\ZCRMRestClient.php(134): zcrmsdk\crm\api\handler\OrganizationAPIHandler->getOrganizationDetails()
#6 D:\OpenServer\OSPanel\domains\zcrm-php-sdk\api\Auth.php(44): zcrmsdk\crm\setup\restclient\ZCRMRestClient::getOrganizationDetails()
#7 D:\OpenServer\OSPanel\domains\zcrm-php-sdk\api\Auth.php(78): api\auth\Auth->doo()
#8 {main}
2020-01-17 02:15:31 ERROR: zcrmsdk\crm\exception\ZCRMException Caused by:'invalid oauth scope to access this URL' in D:\OpenServer\OSPanel\domains\zcrm-php-sdk\vendor\zohocrm\php-sdk\src\crm\api\response\APIResponse.php(93)
Trace::#0 D:\OpenServer\OSPanel\domains\zcrm-php-sdk\vendor\zohocrm\php-sdk\src\crm\api\response\CommonAPIResponse.php(76): zcrmsdk\crm\api\response\APIResponse->handleForFaultyResponses()
#1 D:\OpenServer\OSPanel\domains\zcrm-php-sdk\vendor\zohocrm\php-sdk\src\crm\api\response\CommonAPIResponse.php(67): zcrmsdk\crm\api\response\CommonAPIResponse->processResponse()
#2 D:\OpenServer\OSPanel\domains\zcrm-php-sdk\vendor\zohocrm\php-sdk\src\crm\api\response\APIResponse.php(34): zcrmsdk\crm\api\response\CommonAPIResponse->__construct('HTTP/1.1 401 \r\n...', 401, NULL)
#3 D:\OpenServer\OSPanel\domains\zcrm-php-sdk\vendor\zohocrm\php-sdk\src\crm\api\APIRequest.php(122): zcrmsdk\crm\api\response\APIResponse->__construct('HTTP/1.1 401 \r\n...', 401)
#4 D:\OpenServer\OSPanel\domains\zcrm-php-sdk\vendor\zohocrm\php-sdk\src\crm\api\handler\OrganizationAPIHandler.php(121): zcrmsdk\crm\api\APIRequest->getAPIResponse()
#5 D:\OpenServer\OSPanel\domains\zcrm-php-sdk\vendor\zohocrm\php-sdk\src\crm\setup\restclient\ZCRMRestClient.php(134): zcrmsdk\crm\api\handler\OrganizationAPIHandler->getOrganizationDetails()
#6 D:\OpenServer\OSPanel\domains\zcrm-php-sdk\api\Auth.php(45): zcrmsdk\crm\setup\restclient\ZCRMRestClient::getOrganizationDetails()
#7 D:\OpenServer\OSPanel\domains\zcrm-php-sdk\api\Auth.php(79): api\auth\Auth->doo()
#8 {main}
2020-01-17 02:17:35 ERROR: zcrmsdk\crm\exception\ZCRMException Caused by:'invalid oauth scope to access this URL' in D:\OpenServer\OSPanel\domains\zcrm-php-sdk\vendor\zohocrm\php-sdk\src\crm\api\response\APIResponse.php(93)
Trace::#0 D:\OpenServer\OSPanel\domains\zcrm-php-sdk\vendor\zohocrm\php-sdk\src\crm\api\response\CommonAPIResponse.php(76): zcrmsdk\crm\api\response\APIResponse->handleForFaultyResponses()
#1 D:\OpenServer\OSPanel\domains\zcrm-php-sdk\vendor\zohocrm\php-sdk\src\crm\api\response\CommonAPIResponse.php(67): zcrmsdk\crm\api\response\CommonAPIResponse->processResponse()
#2 D:\OpenServer\OSPanel\domains\zcrm-php-sdk\vendor\zohocrm\php-sdk\src\crm\api\response\APIResponse.php(34): zcrmsdk\crm\api\response\CommonAPIResponse->__construct('HTTP/1.1 401 \r\n...', 401, NULL)
#3 D:\OpenServer\OSPanel\domains\zcrm-php-sdk\vendor\zohocrm\php-sdk\src\crm\api\APIRequest.php(122): zcrmsdk\crm\api\response\APIResponse->__construct('HTTP/1.1 401 \r\n...', 401)
#4 D:\OpenServer\OSPanel\domains\zcrm-php-sdk\vendor\zohocrm\php-sdk\src\crm\api\handler\OrganizationAPIHandler.php(121): zcrmsdk\crm\api\APIRequest->getAPIResponse()
#5 D:\OpenServer\OSPanel\domains\zcrm-php-sdk\vendor\zohocrm\php-sdk\src\crm\setup\restclient\ZCRMRestClient.php(134): zcrmsdk\crm\api\handler\OrganizationAPIHandler->getOrganizationDetails()
#6 D:\OpenServer\OSPanel\domains\zcrm-php-sdk\api\Auth.php(45): zcrmsdk\crm\setup\restclient\ZCRMRestClient::getOrganizationDetails()
#7 D:\OpenServer\OSPanel\domains\zcrm-php-sdk\api\Auth.php(79): api\auth\Auth->doo()
#8 {main}
2020-01-17 02:17:54 ERROR: zcrmsdk\crm\exception\ZCRMException Caused by:'invalid oauth scope to access this URL' in D:\OpenServer\OSPanel\domains\zcrm-php-sdk\vendor\zohocrm\php-sdk\src\crm\api\response\APIResponse.php(93)
Trace::#0 D:\OpenServer\OSPanel\domains\zcrm-php-sdk\vendor\zohocrm\php-sdk\src\crm\api\response\CommonAPIResponse.php(76): zcrmsdk\crm\api\response\APIResponse->handleForFaultyResponses()
#1 D:\OpenServer\OSPanel\domains\zcrm-php-sdk\vendor\zohocrm\php-sdk\src\crm\api\response\CommonAPIResponse.php(67): zcrmsdk\crm\api\response\CommonAPIResponse->processResponse()
#2 D:\OpenServer\OSPanel\domains\zcrm-php-sdk\vendor\zohocrm\php-sdk\src\crm\api\response\APIResponse.php(34): zcrmsdk\crm\api\response\CommonAPIResponse->__construct('HTTP/1.1 401 \r\n...', 401, NULL)
#3 D:\OpenServer\OSPanel\domains\zcrm-php-sdk\vendor\zohocrm\php-sdk\src\crm\api\APIRequest.php(122): zcrmsdk\crm\api\response\APIResponse->__construct('HTTP/1.1 401 \r\n...', 401)
#4 D:\OpenServer\OSPanel\domains\zcrm-php-sdk\vendor\zohocrm\php-sdk\src\crm\api\handler\OrganizationAPIHandler.php(121): zcrmsdk\crm\api\APIRequest->getAPIResponse()
#5 D:\OpenServer\OSPanel\domains\zcrm-php-sdk\vendor\zohocrm\php-sdk\src\crm\setup\restclient\ZCRMRestClient.php(134): zcrmsdk\crm\api\handler\OrganizationAPIHandler->getOrganizationDetails()
#6 D:\OpenServer\OSPanel\domains\zcrm-php-sdk\api\Auth.php(45): zcrmsdk\crm\setup\restclient\ZCRMRestClient::getOrganizationDetails()
#7 D:\OpenServer\OSPanel\domains\zcrm-php-sdk\api\Auth.php(79): api\auth\Auth->doo()
#8 {main}
2020-01-17 15:14:02 INFO: Access Token has expired. Hence refreshing.
2020-01-17 15:14:04 ERROR: zcrmsdk\crm\exception\ZCRMException Caused by:'invalid oauth scope to access this URL' in /var/www/zoho-crm-php-sdk/vendor/zohocrm/php-sdk/src/crm/api/response/APIResponse.php(93)
Trace::#0 /var/www/zoho-crm-php-sdk/vendor/zohocrm/php-sdk/src/crm/api/response/CommonAPIResponse.php(76): zcrmsdk\crm\api\response\APIResponse->handleForFaultyResponses()
#1 /var/www/zoho-crm-php-sdk/vendor/zohocrm/php-sdk/src/crm/api/response/CommonAPIResponse.php(67): zcrmsdk\crm\api\response\CommonAPIResponse->processResponse()
#2 /var/www/zoho-crm-php-sdk/vendor/zohocrm/php-sdk/src/crm/api/response/APIResponse.php(34): zcrmsdk\crm\api\response\CommonAPIResponse->__construct('HTTP/1.1 401 \r\n...', 401, NULL)
#3 /var/www/zoho-crm-php-sdk/vendor/zohocrm/php-sdk/src/crm/api/APIRequest.php(122): zcrmsdk\crm\api\response\APIResponse->__construct('HTTP/1.1 401 \r\n...', 401)
#4 /var/www/zoho-crm-php-sdk/vendor/zohocrm/php-sdk/src/crm/api/handler/OrganizationAPIHandler.php(121): zcrmsdk\crm\api\APIRequest->getAPIResponse()
#5 /var/www/zoho-crm-php-sdk/vendor/zohocrm/php-sdk/src/crm/setup/restclient/ZCRMRestClient.php(134): zcrmsdk\crm\api\handler\OrganizationAPIHandler->getOrganizationDetails()
#6 /var/www/zoho-crm-php-sdk/api/Auth.php(45): zcrmsdk\crm\setup\restclient\ZCRMRestClient::getOrganizationDetails()
#7 /var/www/zoho-crm-php-sdk/api/Auth.php(79): api\auth\Auth->doo()
#8 {main}
